<?xml version="1.0" encoding="UTF-8"?>
<testsuites name="Manage Chasier Account" time="28.407" tests="1" failures="0" errors="1">
   <testsuite name="Manage Chasier Account" tests="1" failures="0" errors="1" time="28.407" skipped="0" timestamp="2023-12-16 17:34:51" hostname="USER - LAPTOP-D8V0OJPL" id="Test Suites/Manage Chasier Account">
      <properties>
         <property name="deviceName" value=""/>
         <property name="devicePlatform" value=""/>
         <property name="logFolder" value="D:\\RIA\\Web Testing qbills\\Reports\\20231216_173438\\Manage Chasier Account\\20231216_173438"/>
         <property name="logFiles" value="D:\\RIA\\Web Testing qbills\\Reports\\20231216_173438\\Manage Chasier Account\\20231216_173438\\execution0.log"/>
         <property name="attachments" value=""/>
         <property name="hostName" value="USER - LAPTOP-D8V0OJPL"/>
         <property name="os" value="Windows 11 64bit"/>
         <property name="katalonVersion" value="9.0.0.212"/>
         <property name="browser" value="Chrome 120.0.0.0"/>
         <property name="hostAddress" value="192.168.100.56"/>
         <property name="sessionId" value="fb5368c0b3298830a45c8949712c9c2e"/>
         <property name="seleniumVersion" value="3.141.59"/>
         <property name="proxyInformation" value="ProxyInformation { proxyOption=NO_PROXY, proxyServerType=HTTP, username=, password=********, proxyServerAddress=, proxyServerPort=0, executionList=&quot;&quot;, isApplyToDesiredCapabilities=true }"/>
         <property name="platform" value="Windows 11"/>
      </properties>
      <testcase name="Test Cases/Manage Account/CreateAccount/Admin Berhasil Menambahkan Account Baru" time="6.111" classname="Test Cases/Manage Account/CreateAccount/Admin Berhasil Menambahkan Account Baru" status="ERROR">
         <error type="ERROR" message="Test Cases/Manage Account/CreateAccount/Admin Berhasil Menambahkan Account Baru FAILED.&#xa;Reason:&#xa;groovy.lang.MissingMethodException: No signature of method: static com.kms.katalon.core.webui.keyword.WebUiBuiltInKeywords.closeBrowser() is applicable for argument types: (String) values: []&#xa;Possible solutions: closeBrowser(), closeBrowser(com.kms.katalon.core.model.FailureHandling), openBrowser(java.lang.String), openBrowser(java.lang.String, com.kms.katalon.core.model.FailureHandling)&#xa;	at Admin Berhasil Menambahkan Account Baru.run(Admin Berhasil Menambahkan Account Baru:33)&#xa;	at com.kms.katalon.core.main.ScriptEngine.run(ScriptEngine.java:194)&#xa;	at com.kms.katalon.core.main.ScriptEngine.runScriptAsRawText(ScriptEngine.java:119)&#xa;	at com.kms.katalon.core.main.TestCaseExecutor.runScript(TestCaseExecutor.java:448)&#xa;	at com.kms.katalon.core.main.TestCaseExecutor.doExecute(TestCaseExecutor.java:439)&#xa;	at com.kms.katalon.core.main.TestCaseExecutor.processExecutionPhase(TestCaseExecutor.java:418)&#xa;	at com.kms.katalon.core.main.TestCaseExecutor.accessMainPhase(TestCaseExecutor.java:410)&#xa;	at com.kms.katalon.core.main.TestCaseExecutor.execute(TestCaseExecutor.java:285)&#xa;	at com.kms.katalon.core.main.TestCaseExecutor.execute(TestCaseExecutor.java:369)&#xa;	at com.kms.katalon.core.main.TestCaseExecutor.execute(TestCaseExecutor.java:369)&#xa;	at com.kms.katalon.core.main.TestCaseExecutor.execute(TestCaseExecutor.java:369)&#xa;	at com.kms.katalon.core.common.CommonExecutor.accessTestCaseMainPhase(CommonExecutor.java:65)&#xa;	at com.kms.katalon.core.main.TestSuiteExecutor.accessTestSuiteMainPhase(TestSuiteExecutor.java:148)&#xa;	at com.kms.katalon.core.main.TestSuiteExecutor.execute(TestSuiteExecutor.java:106)&#xa;	at com.kms.katalon.core.main.TestCaseMain.startTestSuite(TestCaseMain.java:187)&#xa;	at TempTestSuite1702722878958.run(TempTestSuite1702722878958.groovy:36)&#xa;	at java.base/jdk.internal.reflect.NativeMethodAccessorImpl.invoke0(Native Method)&#xa;	at java.base/jdk.internal.reflect.NativeMethodAccessorImpl.invoke(NativeMethodAccessorImpl.java:77)&#xa;	at java.base/jdk.internal.reflect.DelegatingMethodAccessorImpl.invoke(DelegatingMethodAccessorImpl.java:43)&#xa;"/>
         <system-out><![CDATA[2023-12-16 17:35:13 - [TEST_CASE][ERROR] - Test Cases/Manage Account/CreateAccount/Admin Berhasil Menambahkan Account Baru: Test Cases/Manage Account/CreateAccount/Admin Berhasil Menambahkan Account Baru FAILED.
Reason:
groovy.lang.MissingMethodException: No signature of method: static com.kms.katalon.core.webui.keyword.WebUiBuiltInKeywords.closeBrowser() is applicable for argument types: (String) values: []
Possible solutions: closeBrowser(), closeBrowser(com.kms.katalon.core.model.FailureHandling), openBrowser(java.lang.String), openBrowser(java.lang.String, com.kms.katalon.core.model.FailureHandling)
	at Admin Berhasil Menambahkan Account Baru.run(Admin Berhasil Menambahkan Account Baru:33)
	at com.kms.katalon.core.main.ScriptEngine.run(ScriptEngine.java:194)
	at com.kms.katalon.core.main.ScriptEngine.runScriptAsRawText(ScriptEngine.java:119)
	at com.kms.katalon.core.main.TestCaseExecutor.runScript(TestCaseExecutor.java:448)
	at com.kms.katalon.core.main.TestCaseExecutor.doExecute(TestCaseExecutor.java:439)
	at com.kms.katalon.core.main.TestCaseExecutor.processExecutionPhase(TestCaseExecutor.java:418)
	at com.kms.katalon.core.main.TestCaseExecutor.accessMainPhase(TestCaseExecutor.java:410)
	at com.kms.katalon.core.main.TestCaseExecutor.execute(TestCaseExecutor.java:285)
	at com.kms.katalon.core.main.TestCaseExecutor.execute(TestCaseExecutor.java:369)
	at com.kms.katalon.core.main.TestCaseExecutor.execute(TestCaseExecutor.java:369)
	at com.kms.katalon.core.main.TestCaseExecutor.execute(TestCaseExecutor.java:369)
	at com.kms.katalon.core.common.CommonExecutor.accessTestCaseMainPhase(CommonExecutor.java:65)
	at com.kms.katalon.core.main.TestSuiteExecutor.accessTestSuiteMainPhase(TestSuiteExecutor.java:148)
	at com.kms.katalon.core.main.TestSuiteExecutor.execute(TestSuiteExecutor.java:106)
	at com.kms.katalon.core.main.TestCaseMain.startTestSuite(TestCaseMain.java:187)
	at TempTestSuite1702722878958.run(TempTestSuite1702722878958.groovy:36)
	at java.base/jdk.internal.reflect.NativeMethodAccessorImpl.invoke0(Native Method)
	at java.base/jdk.internal.reflect.NativeMethodAccessorImpl.invoke(NativeMethodAccessorImpl.java:77)
	at java.base/jdk.internal.reflect.DelegatingMethodAccessorImpl.invoke(DelegatingMethodAccessorImpl.java:43)


2023-12-16 17:35:13 - [TEST_STEP][PASSED] - openBrowser(""): Browser is opened with url: ''

2023-12-16 17:35:13 - [MESSAGE][WARNING] - A browser is already opened. Closing browser and opening a new one

2023-12-16 17:35:14 - [MESSAGE][INFO] - Starting 'Chrome' driver

2023-12-16 17:35:14 - [MESSAGE][INFO] - Action delay is set to 0 milliseconds

2023-12-16 17:35:16 - [MESSAGE][PASSED] - Browser is opened with url: ''

2023-12-16 17:35:16 - [TEST_STEP][PASSED] - navigateToUrl("https://qbills.vercel.app/manageaccount"): Navigate to 'https://qbills.vercel.app/manageaccount' successfully

2023-12-16 17:35:16 - [MESSAGE][PASSED] - Navigate to 'https://qbills.vercel.app/manageaccount' successfully

2023-12-16 17:35:16 - [TEST_STEP][PASSED] - click(findTestObject("Object Repository/Page_Qbills  Manage Account/span_Add Account")): Object: 'Object Repository/Page_Qbills  Manage Account/span_Add Account' is clicked on

2023-12-16 17:35:17 - [MESSAGE][PASSED] - Object: 'Object Repository/Page_Qbills  Manage Account/span_Add Account' is clicked on

2023-12-16 17:35:17 - [TEST_STEP][PASSED] - setText(findTestObject("Object Repository/Page_Qbills  Manage Account/input_w-full rounded-lg bg-transparent outl_e5cdbf"), "12345678"): Text '12345678' is set on object 'Object Repository/Page_Qbills  Manage Account/input_w-full rounded-lg bg-transparent outl_e5cdbf'

2023-12-16 17:35:18 - [MESSAGE][PASSED] - Text '12345678' is set on object 'Object Repository/Page_Qbills  Manage Account/input_w-full rounded-lg bg-transparent outl_e5cdbf'

2023-12-16 17:35:18 - [TEST_STEP][PASSED] - click(findTestObject("Object Repository/Page_Qbills  Manage Account/button_Save")): Object: 'Object Repository/Page_Qbills  Manage Account/button_Save' is clicked on

2023-12-16 17:35:19 - [MESSAGE][PASSED] - Object: 'Object Repository/Page_Qbills  Manage Account/button_Save' is clicked on

2023-12-16 17:35:19 - [TEST_STEP][PASSED] - click(findTestObject("Object Repository/Page_Qbills  Manage Account/p_Congratulations, you have successfully ad_5fe021")): Object: 'Object Repository/Page_Qbills  Manage Account/p_Congratulations, you have successfully ad_5fe021' is clicked on

2023-12-16 17:35:19 - [MESSAGE][PASSED] - Object: 'Object Repository/Page_Qbills  Manage Account/p_Congratulations, you have successfully ad_5fe021' is clicked on

2023-12-16 17:35:19 - [TEST_STEP][ERROR] - closeBrowser(""): Test Cases/Manage Account/CreateAccount/Admin Berhasil Menambahkan Account Baru FAILED.
Reason:
groovy.lang.MissingMethodException: No signature of method: static com.kms.katalon.core.webui.keyword.WebUiBuiltInKeywords.closeBrowser() is applicable for argument types: (String) values: []
Possible solutions: closeBrowser(), closeBrowser(com.kms.katalon.core.model.FailureHandling), openBrowser(java.lang.String), openBrowser(java.lang.String, com.kms.katalon.core.model.FailureHandling)
	at Admin Berhasil Menambahkan Account Baru.run(Admin Berhasil Menambahkan Account Baru:33)
	at com.kms.katalon.core.main.ScriptEngine.run(ScriptEngine.java:194)
	at com.kms.katalon.core.main.ScriptEngine.runScriptAsRawText(ScriptEngine.java:119)
	at com.kms.katalon.core.main.TestCaseExecutor.runScript(TestCaseExecutor.java:448)
	at com.kms.katalon.core.main.TestCaseExecutor.doExecute(TestCaseExecutor.java:439)
	at com.kms.katalon.core.main.TestCaseExecutor.processExecutionPhase(TestCaseExecutor.java:418)
	at com.kms.katalon.core.main.TestCaseExecutor.accessMainPhase(TestCaseExecutor.java:410)
	at com.kms.katalon.core.main.TestCaseExecutor.execute(TestCaseExecutor.java:285)
	at com.kms.katalon.core.main.TestCaseExecutor.execute(TestCaseExecutor.java:369)
	at com.kms.katalon.core.main.TestCaseExecutor.execute(TestCaseExecutor.java:369)
	at com.kms.katalon.core.main.TestCaseExecutor.execute(TestCaseExecutor.java:369)
	at com.kms.katalon.core.common.CommonExecutor.accessTestCaseMainPhase(CommonExecutor.java:65)
	at com.kms.katalon.core.main.TestSuiteExecutor.accessTestSuiteMainPhase(TestSuiteExecutor.java:148)
	at com.kms.katalon.core.main.TestSuiteExecutor.execute(TestSuiteExecutor.java:106)
	at com.kms.katalon.core.main.TestCaseMain.startTestSuite(TestCaseMain.java:187)
	at TempTestSuite1702722878958.run(TempTestSuite1702722878958.groovy:36)
	at java.base/jdk.internal.reflect.NativeMethodAccessorImpl.invoke0(Native Method)
	at java.base/jdk.internal.reflect.NativeMethodAccessorImpl.invoke(NativeMethodAccessorImpl.java:77)
	at java.base/jdk.internal.reflect.DelegatingMethodAccessorImpl.invoke(DelegatingMethodAccessorImpl.java:43)


2023-12-16 17:35:19 - [MESSAGE][ERROR] - Test Cases/Manage Account/CreateAccount/Admin Berhasil Menambahkan Account Baru FAILED.
Reason:
groovy.lang.MissingMethodException: No signature of method: static com.kms.katalon.core.webui.keyword.WebUiBuiltInKeywords.closeBrowser() is applicable for argument types: (String) values: []
Possible solutions: closeBrowser(), closeBrowser(com.kms.katalon.core.model.FailureHandling), openBrowser(java.lang.String), openBrowser(java.lang.String, com.kms.katalon.core.model.FailureHandling)
	at Admin Berhasil Menambahkan Account Baru.run(Admin Berhasil Menambahkan Account Baru:33)
	at com.kms.katalon.core.main.ScriptEngine.run(ScriptEngine.java:194)
	at com.kms.katalon.core.main.ScriptEngine.runScriptAsRawText(ScriptEngine.java:119)
	at com.kms.katalon.core.main.TestCaseExecutor.runScript(TestCaseExecutor.java:448)
	at com.kms.katalon.core.main.TestCaseExecutor.doExecute(TestCaseExecutor.java:439)
	at com.kms.katalon.core.main.TestCaseExecutor.processExecutionPhase(TestCaseExecutor.java:418)
	at com.kms.katalon.core.main.TestCaseExecutor.accessMainPhase(TestCaseExecutor.java:410)
	at com.kms.katalon.core.main.TestCaseExecutor.execute(TestCaseExecutor.java:285)
	at com.kms.katalon.core.main.TestCaseExecutor.execute(TestCaseExecutor.java:369)
	at com.kms.katalon.core.main.TestCaseExecutor.execute(TestCaseExecutor.java:369)
	at com.kms.katalon.core.main.TestCaseExecutor.execute(TestCaseExecutor.java:369)
	at com.kms.katalon.core.common.CommonExecutor.accessTestCaseMainPhase(CommonExecutor.java:65)
	at com.kms.katalon.core.main.TestSuiteExecutor.accessTestSuiteMainPhase(TestSuiteExecutor.java:148)
	at com.kms.katalon.core.main.TestSuiteExecutor.execute(TestSuiteExecutor.java:106)
	at com.kms.katalon.core.main.TestCaseMain.startTestSuite(TestCaseMain.java:187)
	at TempTestSuite1702722878958.run(TempTestSuite1702722878958.groovy:36)
	at java.base/jdk.internal.reflect.NativeMethodAccessorImpl.invoke0(Native Method)
	at java.base/jdk.internal.reflect.NativeMethodAccessorImpl.invoke(NativeMethodAccessorImpl.java:77)
	at java.base/jdk.internal.reflect.DelegatingMethodAccessorImpl.invoke(DelegatingMethodAccessorImpl.java:43)]]></system-out>
         <system-err><![CDATA[2023-12-16 17:35:13 - [TEST_CASE][ERROR] - Test Cases/Manage Account/CreateAccount/Admin Berhasil Menambahkan Account Baru: Test Cases/Manage Account/CreateAccount/Admin Berhasil Menambahkan Account Baru FAILED.
Reason:
groovy.lang.MissingMethodException: No signature of method: static com.kms.katalon.core.webui.keyword.WebUiBuiltInKeywords.closeBrowser() is applicable for argument types: (String) values: []
Possible solutions: closeBrowser(), closeBrowser(com.kms.katalon.core.model.FailureHandling), openBrowser(java.lang.String), openBrowser(java.lang.String, com.kms.katalon.core.model.FailureHandling)
	at Admin Berhasil Menambahkan Account Baru.run(Admin Berhasil Menambahkan Account Baru:33)
	at com.kms.katalon.core.main.ScriptEngine.run(ScriptEngine.java:194)
	at com.kms.katalon.core.main.ScriptEngine.runScriptAsRawText(ScriptEngine.java:119)
	at com.kms.katalon.core.main.TestCaseExecutor.runScript(TestCaseExecutor.java:448)
	at com.kms.katalon.core.main.TestCaseExecutor.doExecute(TestCaseExecutor.java:439)
	at com.kms.katalon.core.main.TestCaseExecutor.processExecutionPhase(TestCaseExecutor.java:418)
	at com.kms.katalon.core.main.TestCaseExecutor.accessMainPhase(TestCaseExecutor.java:410)
	at com.kms.katalon.core.main.TestCaseExecutor.execute(TestCaseExecutor.java:285)
	at com.kms.katalon.core.main.TestCaseExecutor.execute(TestCaseExecutor.java:369)
	at com.kms.katalon.core.main.TestCaseExecutor.execute(TestCaseExecutor.java:369)
	at com.kms.katalon.core.main.TestCaseExecutor.execute(TestCaseExecutor.java:369)
	at com.kms.katalon.core.common.CommonExecutor.accessTestCaseMainPhase(CommonExecutor.java:65)
	at com.kms.katalon.core.main.TestSuiteExecutor.accessTestSuiteMainPhase(TestSuiteExecutor.java:148)
	at com.kms.katalon.core.main.TestSuiteExecutor.execute(TestSuiteExecutor.java:106)
	at com.kms.katalon.core.main.TestCaseMain.startTestSuite(TestCaseMain.java:187)
	at TempTestSuite1702722878958.run(TempTestSuite1702722878958.groovy:36)
	at java.base/jdk.internal.reflect.NativeMethodAccessorImpl.invoke0(Native Method)
	at java.base/jdk.internal.reflect.NativeMethodAccessorImpl.invoke(NativeMethodAccessorImpl.java:77)
	at java.base/jdk.internal.reflect.DelegatingMethodAccessorImpl.invoke(DelegatingMethodAccessorImpl.java:43)]]></system-err>
      </testcase>
      <system-out><![CDATA[2023-12-16 17:34:51 - [TEST_SUITE][ERROR] - Manage Chasier Account: Test Cases/Manage Account/CreateAccount/Admin Berhasil Menambahkan Account Baru FAILED.
Reason:
groovy.lang.MissingMethodException: No signature of method: static com.kms.katalon.core.webui.keyword.WebUiBuiltInKeywords.closeBrowser() is applicable for argument types: (String) values: []
Possible solutions: closeBrowser(), closeBrowser(com.kms.katalon.core.model.FailureHandling), openBrowser(java.lang.String), openBrowser(java.lang.String, com.kms.katalon.core.model.FailureHandling)
	at Admin Berhasil Menambahkan Account Baru.run(Admin Berhasil Menambahkan Account Baru:33)
	at com.kms.katalon.core.main.ScriptEngine.run(ScriptEngine.java:194)
	at com.kms.katalon.core.main.ScriptEngine.runScriptAsRawText(ScriptEngine.java:119)
	at com.kms.katalon.core.main.TestCaseExecutor.runScript(TestCaseExecutor.java:448)
	at com.kms.katalon.core.main.TestCaseExecutor.doExecute(TestCaseExecutor.java:439)
	at com.kms.katalon.core.main.TestCaseExecutor.processExecutionPhase(TestCaseExecutor.java:418)
	at com.kms.katalon.core.main.TestCaseExecutor.accessMainPhase(TestCaseExecutor.java:410)
	at com.kms.katalon.core.main.TestCaseExecutor.execute(TestCaseExecutor.java:285)
	at com.kms.katalon.core.common.CommonExecutor.accessTestCaseMainPhase(CommonExecutor.java:65)
	at com.kms.katalon.core.main.TestSuiteExecutor.accessTestSuiteMainPhase(TestSuiteExecutor.java:148)
	at com.kms.katalon.core.main.TestSuiteExecutor.execute(TestSuiteExecutor.java:106)
	at com.kms.katalon.core.main.TestCaseMain.startTestSuite(TestCaseMain.java:187)
	at TempTestSuite1702722878958.run(TempTestSuite1702722878958.groovy:36)
	at java.base/jdk.internal.reflect.NativeMethodAccessorImpl.invoke0(Native Method)
	at java.base/jdk.internal.reflect.NativeMethodAccessorImpl.invoke(NativeMethodAccessorImpl.java:77)
	at java.base/jdk.internal.reflect.DelegatingMethodAccessorImpl.invoke(DelegatingMethodAccessorImpl.java:43)]]></system-out>
      <system-err><![CDATA[2023-12-16 17:34:51 - [TEST_SUITE][ERROR] - Manage Chasier Account: Test Cases/Manage Account/CreateAccount/Admin Berhasil Menambahkan Account Baru FAILED.
Reason:
groovy.lang.MissingMethodException: No signature of method: static com.kms.katalon.core.webui.keyword.WebUiBuiltInKeywords.closeBrowser() is applicable for argument types: (String) values: []
Possible solutions: closeBrowser(), closeBrowser(com.kms.katalon.core.model.FailureHandling), openBrowser(java.lang.String), openBrowser(java.lang.String, com.kms.katalon.core.model.FailureHandling)
	at Admin Berhasil Menambahkan Account Baru.run(Admin Berhasil Menambahkan Account Baru:33)
	at com.kms.katalon.core.main.ScriptEngine.run(ScriptEngine.java:194)
	at com.kms.katalon.core.main.ScriptEngine.runScriptAsRawText(ScriptEngine.java:119)
	at com.kms.katalon.core.main.TestCaseExecutor.runScript(TestCaseExecutor.java:448)
	at com.kms.katalon.core.main.TestCaseExecutor.doExecute(TestCaseExecutor.java:439)
	at com.kms.katalon.core.main.TestCaseExecutor.processExecutionPhase(TestCaseExecutor.java:418)
	at com.kms.katalon.core.main.TestCaseExecutor.accessMainPhase(TestCaseExecutor.java:410)
	at com.kms.katalon.core.main.TestCaseExecutor.execute(TestCaseExecutor.java:285)
	at com.kms.katalon.core.common.CommonExecutor.accessTestCaseMainPhase(CommonExecutor.java:65)
	at com.kms.katalon.core.main.TestSuiteExecutor.accessTestSuiteMainPhase(TestSuiteExecutor.java:148)
	at com.kms.katalon.core.main.TestSuiteExecutor.execute(TestSuiteExecutor.java:106)
	at com.kms.katalon.core.main.TestCaseMain.startTestSuite(TestCaseMain.java:187)
	at TempTestSuite1702722878958.run(TempTestSuite1702722878958.groovy:36)
	at java.base/jdk.internal.reflect.NativeMethodAccessorImpl.invoke0(Native Method)
	at java.base/jdk.internal.reflect.NativeMethodAccessorImpl.invoke(NativeMethodAccessorImpl.java:77)
	at java.base/jdk.internal.reflect.DelegatingMethodAccessorImpl.invoke(DelegatingMethodAccessorImpl.java:43)]]></system-err>
   </testsuite>
</testsuites>
